+ RUN_TIME=300
+ '[' 1 -eq 1 ']'
+ RUN_TIME=1
+ IMAGE_NAME=image-168396
+ IMAGE_SIZE=1024
+ rbd create image-168396 --size=1024
+ COUNT=0
++ get_time
++ date +%s
+ START_TIME=1519708720
+++ get_time
+++ date +%s
++ expr 1519708720 + 1
+ END_TIME=1519708721
+ times_up 1519708721
+ local end_time=1519708721
++ get_time
++ date +%s
+ test 1519708720 -ge 1519708721
+ map_unmap image-168396
+ '[' 1 -eq 1 ']'
+ local image_name=image-168396
+ local dev
++ sudo rbd map image-168396
rbd: sysfs write failed
rbd: map failed: (110) Connection timed out
+ dev='In some cases useful info is found in syslog - try "dmesg | tail" or so.'
